0 info it worked if it ends with ok
1 verbose cli [ 'C:\\Program Files\\nodejs\\node.exe',
1 verbose cli   'C:\\Program Files\\nodejs\\node_modules\\npm\\bin\\npm-cli.js',
1 verbose cli   'run',
1 verbose cli   'test' ]
2 info using npm@3.10.10
3 info using node@v6.10.3
4 verbose run-script [ 'pretest', 'test', 'posttest' ]
5 info lifecycle mrnoow@1.0.0~pretest: mrnoow@1.0.0
6 silly lifecycle mrnoow@1.0.0~pretest: no script for pretest, continuing
7 info lifecycle mrnoow@1.0.0~test: mrnoow@1.0.0
8 verbose lifecycle mrnoow@1.0.0~test: unsafe-perm in lifecycle true
9 verbose lifecycle mrnoow@1.0.0~test: PATH: C:\Program Files\nodejs\node_modules\npm\bin\node-gyp-bin;C:\git\mr noow end again\node_modules\.bin;C:\Windows\system32;C:\Windows;C:\Windows\System32\Wbem;C:\Windows\System32\WindowsPowerShell\v1.0\;C:\Program Files\Git\cmd;C:\Program Files\TortoiseGit\bin;C:\Program Files\Calibre2\;C:\Program Files\Skype\Phone\;C:\Program Files\nodejs\;C:\Ruby200\bin;C:\Users\jug0n\AppData\Roaming\npm
10 verbose lifecycle mrnoow@1.0.0~test: CWD: C:\git\mr noow end again
11 silly lifecycle mrnoow@1.0.0~test: Args: [ '/d /s /c', 'mocha' ]
12 silly lifecycle mrnoow@1.0.0~test: Returned: code: 0  signal: null
13 info lifecycle mrnoow@1.0.0~posttest: mrnoow@1.0.0
14 verbose lifecycle mrnoow@1.0.0~posttest: unsafe-perm in lifecycle true
15 verbose lifecycle mrnoow@1.0.0~posttest: PATH: C:\Program Files\nodejs\node_modules\npm\bin\node-gyp-bin;C:\git\mr noow end again\node_modules\.bin;C:\Windows\system32;C:\Windows;C:\Windows\System32\Wbem;C:\Windows\System32\WindowsPowerShell\v1.0\;C:\Program Files\Git\cmd;C:\Program Files\TortoiseGit\bin;C:\Program Files\Calibre2\;C:\Program Files\Skype\Phone\;C:\Program Files\nodejs\;C:\Ruby200\bin;C:\Users\jug0n\AppData\Roaming\npm
16 verbose lifecycle mrnoow@1.0.0~posttest: CWD: C:\git\mr noow end again
17 silly lifecycle mrnoow@1.0.0~posttest: Args: [ '/d /s /c', 'npm run lint && nsp check' ]
18 silly lifecycle mrnoow@1.0.0~posttest: Returned: code: 1  signal: null
19 info lifecycle mrnoow@1.0.0~posttest: Failed to exec posttest script
20 verbose stack Error: mrnoow@1.0.0 posttest: `npm run lint && nsp check`
20 verbose stack Exit status 1
20 verbose stack     at EventEmitter.<anonymous> (C:\Program Files\nodejs\node_modules\npm\lib\utils\lifecycle.js:255:16)
20 verbose stack     at emitTwo (events.js:106:13)
20 verbose stack     at EventEmitter.emit (events.js:191:7)
20 verbose stack     at ChildProcess.<anonymous> (C:\Program Files\nodejs\node_modules\npm\lib\utils\spawn.js:40:14)
20 verbose stack     at emitTwo (events.js:106:13)
20 verbose stack     at ChildProcess.emit (events.js:191:7)
20 verbose stack     at maybeClose (internal/child_process.js:886:16)
20 verbose stack     at Process.ChildProcess._handle.onexit (internal/child_process.js:226:5)
21 verbose pkgid mrnoow@1.0.0
22 verbose cwd C:\git\mr noow end again
23 error Windows_NT 6.1.7601
24 error argv "C:\\Program Files\\nodejs\\node.exe" "C:\\Program Files\\nodejs\\node_modules\\npm\\bin\\npm-cli.js" "run" "test"
25 error node v6.10.3
26 error npm  v3.10.10
27 error code ELIFECYCLE
28 error mrnoow@1.0.0 posttest: `npm run lint && nsp check`
28 error Exit status 1
29 error Failed at the mrnoow@1.0.0 posttest script 'npm run lint && nsp check'.
29 error Make sure you have the latest version of node.js and npm installed.
29 error If you do, this is most likely a problem with the mrnoow package,
29 error not with npm itself.
29 error Tell the author that this fails on your system:
29 error     npm run lint && nsp check
29 error You can get information on how to open an issue for this project with:
29 error     npm bugs mrnoow
29 error Or if that isn't available, you can get their info via:
29 error     npm owner ls mrnoow
29 error There is likely additional logging output above.
30 verbose exit [ 1, true ]
